15:10:05.837 Chromatic CLI v13.1.3
             https://www.chromatic.com/docs/cli 
 
15:10:05.856 Authenticating with Chromatic 
15:10:05.856     → Connecting to https://index.chromatic.com
15:10:08.726 Authenticated with Chromatic
                 → Using project token '****************ccda'
15:10:08.728 Retrieving git information
15:10:08.730 execGitCommand: git --version
15:10:08.783 execGitCommand result: 'git version 2.50.1.windows.1'
15:10:08.784 execGitCommand: git --no-pager log -n 1 --format="%H ## %ct ## %ae ## %an"
15:10:08.816 execGitCommand result: 'd47a33f77ea338fa0ea34afe98a685752ec0f2a0 ## 1755331668 ## agchiragg0wda@gmail.com ## Chirag A G'
15:10:08.817 execGitCommand: git branch --show-current
15:10:08.849 execGitCommand result: 'main'
15:10:08.919 execGitCommand: git --no-pager log -n 1 --skip=1 --format="%H"
15:10:08.952 execGitCommand result: '12ddb642c91042c275f403f6570e2bfee1d8fa64'
15:10:08.953 git info: {"commit":{"commit":"d47a33f77ea338fa0ea34afe98a685752ec0f2a0","committedAt":1755331668000,"committerEmail":"agchiragg0wda@gmail.com","committerName":"Chirag A G"},"branch":"main","fromCI":true}
15:10:08.953 execGitCommand: git config user.email
15:10:08.999 execGitCommand result: 'agchiragg0wda@gmail.com'
15:10:09.000 execGitCommand: (git diff --name-only --no-relative --diff-filter=d --cached;git diff --name-only --no-relative --diff-filter=d;git ls-files --others --exclude-standard) | git hash-object --stdin-paths | git hash-object --stdin
15:10:09.053 execGitCommand result: 'fatal: ambiguous argument 'diff': unknown revision or path not in the working tree.
             Use '--' to separate paths from revisions, like this:
             'git <command> [<revision>...] -- [<file>...]'
             e69de29bb2d1d6434b8b29ae775ad8c2e48c5391'
15:10:09.054 execGitCommand: git rev-parse --show-toplevel
15:10:09.086 execGitCommand result: 'D:/Projects/internshipassignment'
15:10:09.087 execGitCommandOneLine: git log --reverse --format=%cd --date=iso
15:10:09.119 execGitCommandOneLine: git log --follow --reverse --format=%cd --date=iso -- .storybook
15:10:09.150 execGitCommandCountLines: git shortlog -sn --all --since="6 months ago"
15:10:09.181 execGitCommandCountLines: git ls-files -- "*page*.js" "*page*.jsx" "*page*.ts" "*page*.tsx" "*Page*.js" "*Page*.jsx" "*Page*.ts" "*Page*.tsx" "*screen*.js" "*screen*.jsx" "*screen*.ts" "*screen*.tsx" "*Screen*.js" "*Screen*.jsx" "*Screen*.ts" "*Screen*.tsx"
15:10:09.215 execGitCommand: git config --get remote.origin.url
15:10:09.248 execGitCommand result: 'https://github.com/chiragg0wda/internshipassignment.git'
15:10:11.459 App firstBuild: %o, lastBuild: %o null null
15:10:11.461 App has no builds, returning []
15:10:11.462 Found parentCommits:
15:10:13.681 Retrieved git information
                 → Commit 'd47a33f' on branch 'main'; no ancestor found
15:10:13.683 Collecting Storybook metadata
15:10:13.685 {"storybookV6error":{"code":"MODULE_NOT_FOUND","requireStack":["D:\\Projects\\internshipassignment\\node_modules\\chromatic\\dist\\chunk-TKGT252T.js","D:\\Projects\\internshipassignment\\node_modules\\chromatic\\dist\\bin.js"]}}
15:10:13.713 {"configDirectory":".storybook","mainConfig":{"code":"import type { StorybookConfig } from '@storybook/react-webpack5';\r\n\r\nconst config: StorybookConfig = {\r\n  \"stories\": [\r\n    \"../src/**/*.mdx\",\r\n    \"../src/**/*.stories.@(js|jsx|mjs|ts|tsx)\"\r\n  ],\r\n  \"addons\": [\r\n    \"@storybook/addon-webpack5-compiler-swc\",\r\n    \"@storybook/addon-docs\"\r\n  ],\r\n  \"framework\": {\r\n    \"name\": \"@storybook/react-webpack5\",\r\n    \"options\": {}\r\n  }\r\n};\r\nexport default config;"}}
15:10:13.718 No viewlayer package listed in dependencies. Checking transitive dependencies.
15:10:13.722 [{"status":"fulfilled","value":{}},{"status":"fulfilled","value":{"version":"9.1.2"}},{"status":"fulfilled","value":{"builder":{"name":"@storybook/react-webpack5","packageVersion":"9.1.2"}}}]
15:10:13.722 Collected Storybook metadata
                 → ; using the @storybook/react-webpack5 builder (9.1.2); no supported addons found
15:10:13.723 Initializing build
15:10:13.724 Got environment:
             {}
15:10:16.200 Initialized build
                 → Build 5 initialized
15:10:16.217 Building your Storybook
15:10:16.219     → Running command: npm run build-storybook -- --output-dir=C:\Users\agchi\AppData\Local\Temp\chromatic--19908-KXjLJ8vn2dwZ
15:10:16.219     → [*                   ]
15:10:16.220 Running build command: npm run build-storybook -- --output-dir=C:\Users\agchi\AppData\Local\Temp\chromatic--19908-KXjLJ8vn2dwZ
15:10:16.221 Runtime metadata: {
               "nodePlatform": "win32",
               "nodeVersion": "22.18.0",
               "packageManager": "npm",
               "packageManagerVersion": "10.9.3"
             }
15:10:26.226     → [ *                  ]
15:10:26.241 Storybook built in 10 seconds
                 → View build log at D:\Projects\internshipassignment\build-storybook.log
15:10:26.241 Prepare your built Storybook
15:10:26.242     → Validating Storybook files
15:10:26.245 Prepare your built Storybook
15:10:26.246     → Calculating file hashes
15:10:26.256 Calculated file hashes in 9ms
15:10:26.257 Preparation complete
                 → Storybook files validated and prepared for upload
15:10:26.258 Publishing your built Storybook
15:10:26.258     → Starting publish
15:10:26.259 Running uploadBuild batch 1 / 1
15:10:28.562 Uploading 254.9843576d.iframe.bundle.js (587.07 kB) to https://chromatic-builds.s3.us-west-2.amazonaws.com/
15:10:28.563 Uploading 254.9843576d.iframe.bundle.js.LICENSE.txt (235 B) to https://chromatic-builds.s3.us-west-2.amazonaws.com/
15:10:28.564 Uploading 254.9843576d.iframe.bundle.js.map (100.96 kB) to https://chromatic-builds.s3.us-west-2.amazonaws.com/
15:10:28.565 Uploading 294.4ef61be0.iframe.bundle.js (1.63 kB) to https://chromatic-builds.s3.us-west-2.amazonaws.com/
15:10:28.565 Uploading 357.99acd43b.iframe.bundle.js (39.52 kB) to https://chromatic-builds.s3.us-west-2.amazonaws.com/
15:10:28.566 Uploading 529.c1d685b6.iframe.bundle.js (19.72 kB) to https://chromatic-builds.s3.us-west-2.amazonaws.com/
15:10:28.566 Uploading 529.c1d685b6.iframe.bundle.js.LICENSE.txt (247 B) to https://chromatic-builds.s3.us-west-2.amazonaws.com/
15:10:28.567 Uploading 676.584b58b5.iframe.bundle.js (3.35 kB) to https://chromatic-builds.s3.us-west-2.amazonaws.com/
15:10:28.567 Uploading 735.cda54926.iframe.bundle.js (368.02 kB) to https://chromatic-builds.s3.us-west-2.amazonaws.com/
15:10:28.568 Uploading 735.cda54926.iframe.bundle.js.LICENSE.txt (486 B) to https://chromatic-builds.s3.us-west-2.amazonaws.com/
15:10:28.568 Uploading 80.af042963.iframe.bundle.js (612.55 kB) to https://chromatic-builds.s3.us-west-2.amazonaws.com/
15:10:28.569 Uploading 80.af042963.iframe.bundle.js.LICENSE.txt (487 B) to https://chromatic-builds.s3.us-west-2.amazonaws.com/
15:10:28.569 Uploading 80.af042963.iframe.bundle.js.map (810.92 kB) to https://chromatic-builds.s3.us-west-2.amazonaws.com/
15:10:28.569 Uploading 961.e05a1cc8.iframe.bundle.js (5.35 kB) to https://chromatic-builds.s3.us-west-2.amazonaws.com/
15:10:28.569 Uploading 961.e05a1cc8.iframe.bundle.js.LICENSE.txt (239 B) to https://chromatic-builds.s3.us-west-2.amazonaws.com/
15:10:28.570 Uploading components-DataTable-stories.d52cd4fa.iframe.bundle.js (9.46 kB) to https://chromatic-builds.s3.us-west-2.amazonaws.com/
15:10:28.570 Uploading components-DataTable-stories.d52cd4fa.iframe.bundle.js.LICENSE.txt (247 B) to https://chromatic-builds.s3.us-west-2.amazonaws.com/
15:10:28.571 Uploading components-InputField-stories.16923592.iframe.bundle.js (12.63 kB) to https://chromatic-builds.s3.us-west-2.amazonaws.com/
15:10:28.571 Uploading components-InputField-stories.16923592.iframe.bundle.js.LICENSE.txt (421 B) to https://chromatic-builds.s3.us-west-2.amazonaws.com/
15:10:28.571 Uploading favicon-wrapper.svg (5.8 kB) to https://chromatic-builds.s3.us-west-2.amazonaws.com/
15:10:28.572 Uploading favicon.svg (2.16 kB) to https://chromatic-builds.s3.us-west-2.amazonaws.com/
15:10:28.572 Uploading iframe.html (16.17 kB) to https://chromatic-builds.s3.us-west-2.amazonaws.com/
15:10:28.572 Uploading index.html (3.16 kB) to https://chromatic-builds.s3.us-west-2.amazonaws.com/
15:10:28.572 Uploading index.json (6.07 kB) to https://chromatic-builds.s3.us-west-2.amazonaws.com/
15:10:28.573 Uploading main.90dd5f80.iframe.bundle.js (6.64 kB) to https://chromatic-builds.s3.us-west-2.amazonaws.com/
15:10:28.573 Uploading mocker-runtime-injected.js (45.99 kB) to https://chromatic-builds.s3.us-west-2.amazonaws.com/
15:10:28.573 Uploading mocker-runtime-injected.js.LICENSE.txt (1.18 kB) to https://chromatic-builds.s3.us-west-2.amazonaws.com/
15:10:28.574 Uploading nunito-sans-bold-italic.woff2 (49.46 kB) to https://chromatic-builds.s3.us-west-2.amazonaws.com/
15:10:28.574 Uploading nunito-sans-bold.woff2 (47.14 kB) to https://chromatic-builds.s3.us-west-2.amazonaws.com/
15:10:28.575 Uploading nunito-sans-italic.woff2 (49.62 kB) to https://chromatic-builds.s3.us-west-2.amazonaws.com/
15:10:28.575 Uploading nunito-sans-regular.woff2 (47.07 kB) to https://chromatic-builds.s3.us-west-2.amazonaws.com/
15:10:28.576 Uploading project.json (1.11 kB) to https://chromatic-builds.s3.us-west-2.amazonaws.com/
15:10:28.576 Uploading runtime~main.186f97fa.iframe.bundle.js (6.66 kB) to https://chromatic-builds.s3.us-west-2.amazonaws.com/
15:10:28.576 Uploading sb-addons/docs-1/manager-bundle.js (24.71 kB) to https://chromatic-builds.s3.us-west-2.amazonaws.com/
15:10:28.577 Uploading sb-addons/storybook-core-server-presets-0/common-manager-bundle.js (588.36 kB) to https://chromatic-builds.s3.us-west-2.amazonaws.com/
15:10:28.577 Uploading sb-common-assets/favicon-wrapper.svg (5.8 kB) to https://chromatic-builds.s3.us-west-2.amazonaws.com/
15:10:28.577 Uploading sb-common-assets/favicon.svg (2.16 kB) to https://chromatic-builds.s3.us-west-2.amazonaws.com/
15:10:28.577 Uploading sb-common-assets/nunito-sans-bold-italic.woff2 (49.46 kB) to https://chromatic-builds.s3.us-west-2.amazonaws.com/
15:10:28.578 Uploading sb-common-assets/nunito-sans-bold.woff2 (47.14 kB) to https://chromatic-builds.s3.us-west-2.amazonaws.com/
15:10:28.578 Uploading sb-common-assets/nunito-sans-italic.woff2 (49.62 kB) to https://chromatic-builds.s3.us-west-2.amazonaws.com/
15:10:28.578 Uploading sb-common-assets/nunito-sans-regular.woff2 (47.07 kB) to https://chromatic-builds.s3.us-west-2.amazonaws.com/
15:10:28.579 Uploading sb-manager/globals-module-info.js (17.75 kB) to https://chromatic-builds.s3.us-west-2.amazonaws.com/
15:10:28.579 Uploading sb-manager/globals-runtime.js (2.13 MB) to https://chromatic-builds.s3.us-west-2.amazonaws.com/
15:10:28.580 Uploading sb-manager/globals.js (1.56 kB) to https://chromatic-builds.s3.us-west-2.amazonaws.com/
15:10:28.580 Uploading sb-manager/runtime.js (443.01 kB) to https://chromatic-builds.s3.us-west-2.amazonaws.com/
15:10:28.580 Uploading sb-preview/globals.js (1.18 kB) to https://chromatic-builds.s3.us-west-2.amazonaws.com/
15:10:28.581 Uploading sb-preview/runtime.js (1.3 MB) to https://chromatic-builds.s3.us-west-2.amazonaws.com/
15:10:28.582 Uploading static/media/accessibility.2dbc6973.png (42.34 kB) to https://chromatic-builds.s3.us-west-2.amazonaws.com/
15:10:28.582 Uploading static/media/addon-library.7a58d2cb.png (467.37 kB) to https://chromatic-builds.s3.us-west-2.amazonaws.com/
15:10:28.582 Uploading static/media/assets.e6440a95.png (3.9 kB) to https://chromatic-builds.s3.us-west-2.amazonaws.com/
15:10:28.582 Uploading static/media/context.645728c6.png (6.12 kB) to https://chromatic-builds.s3.us-west-2.amazonaws.com/
15:10:28.582 Uploading static/media/discord.d85804c7.svg (2.39 kB) to https://chromatic-builds.s3.us-west-2.amazonaws.com/
15:10:28.583 Uploading static/media/docs.f7d8b9a8.png (27.88 kB) to https://chromatic-builds.s3.us-west-2.amazonaws.com/
15:10:28.583 Uploading static/media/figma-plugin.9335a1a9.png (44.25 kB) to https://chromatic-builds.s3.us-west-2.amazonaws.com/
15:10:28.583 Uploading static/media/github.e4e8df82.svg (2.72 kB) to https://chromatic-builds.s3.us-west-2.amazonaws.com/
15:10:28.583 Uploading static/media/share.161528bb.png (40.77 kB) to https://chromatic-builds.s3.us-west-2.amazonaws.com/
15:10:28.583 Uploading static/media/styling.38cab73b.png (7.24 kB) to https://chromatic-builds.s3.us-west-2.amazonaws.com/
15:10:28.584 Uploading static/media/testing.c720ced2.png (49.31 kB) to https://chromatic-builds.s3.us-west-2.amazonaws.com/
15:10:28.584 Uploading static/media/theming.e93de094.png (44.37 kB) to https://chromatic-builds.s3.us-west-2.amazonaws.com/
15:10:28.584 Uploading static/media/tutorials.fde6e46f.svg (1.26 kB) to https://chromatic-builds.s3.us-west-2.amazonaws.com/
15:10:28.585 Uploading static/media/youtube.fd046a09.svg (716 B) to https://chromatic-builds.s3.us-west-2.amazonaws.com/
15:10:28.585 Uploading stories-Button-stories.44e0d7c6.iframe.bundle.js (14.85 kB) to https://chromatic-builds.s3.us-west-2.amazonaws.com/
15:10:28.585 Uploading stories-Button-stories.44e0d7c6.iframe.bundle.js.LICENSE.txt (247 B) to https://chromatic-builds.s3.us-west-2.amazonaws.com/
15:10:28.585 Uploading stories-Configure-mdx.94a928fa.iframe.bundle.js (17.09 kB) to https://chromatic-builds.s3.us-west-2.amazonaws.com/
15:10:28.586 Uploading stories-Header-stories.a333df26.iframe.bundle.js (1.34 kB) to https://chromatic-builds.s3.us-west-2.amazonaws.com/
15:10:28.587 Uploading stories-Page-stories.7cba52a6.iframe.bundle.js (10.23 kB) to https://chromatic-builds.s3.us-west-2.amazonaws.com/
15:10:28.608     → [                    ] 1%
15:10:33.571 Uploaded 294.4ef61be0.iframe.bundle.js (1.63 kB)
15:10:33.589 Uploaded 676.584b58b5.iframe.bundle.js (3.35 kB)
15:10:33.876 Uploaded 735.cda54926.iframe.bundle.js.LICENSE.txt (486 B)
15:10:33.882 Uploaded 529.c1d685b6.iframe.bundle.js.LICENSE.txt (247 B)
15:10:33.887 Uploaded 254.9843576d.iframe.bundle.js.LICENSE.txt (235 B)
15:10:33.971 Uploaded 529.c1d685b6.iframe.bundle.js (19.72 kB)
15:10:34.249 Uploaded 357.99acd43b.iframe.bundle.js (39.52 kB)
15:10:34.863 Retrying upload for %s, %O C:\Users\agchi\AppData\Local\Temp\chromatic--19908-KXjLJ8vn2dwZ\254.9843576d.iframe.bundle.js {}
15:10:34.929 Uploaded 254.9843576d.iframe.bundle.js.map (100.96 kB)
15:10:35.350 Uploaded 735.cda54926.iframe.bundle.js (368.02 kB)
15:10:38.651     → [===                 ] 17%
15:10:38.666 Uploaded 80.af042963.iframe.bundle.js.LICENSE.txt (487 B)
15:10:38.697 Uploaded 961.e05a1cc8.iframe.bundle.js (5.35 kB)
15:10:38.788 Uploaded components-DataTable-stories.d52cd4fa.iframe.bundle.js (9.46 kB)
15:10:39.047 Uploaded 961.e05a1cc8.iframe.bundle.js.LICENSE.txt (239 B)
15:10:39.374 Uploaded components-DataTable-stories.d52cd4fa.iframe.bundle.js.LICENSE.txt (247 B)
15:10:40.107 Uploaded components-InputField-stories.16923592.iframe.bundle.js (12.63 kB)
15:10:40.613 Uploaded components-InputField-stories.16923592.iframe.bundle.js.LICENSE.txt (421 B)
15:10:42.348 Retrying upload for %s, %O C:\Users\agchi\AppData\Local\Temp\chromatic--19908-KXjLJ8vn2dwZ\254.9843576d.iframe.bundle.js {}
15:10:43.493 Uploaded favicon.svg (2.16 kB)
15:10:43.508 Uploaded favicon-wrapper.svg (5.8 kB)
15:10:43.887 Uploaded iframe.html (16.17 kB)
15:10:43.895 Uploaded index.html (3.16 kB)
15:10:44.228 Uploaded index.json (6.07 kB)
15:10:45.000 Uploaded main.90dd5f80.iframe.bundle.js (6.64 kB)
15:10:46.050 Uploaded mocker-runtime-injected.js (45.99 kB)
15:10:46.179 Retrying upload for %s, %O C:\Users\agchi\AppData\Local\Temp\chromatic--19908-KXjLJ8vn2dwZ\80.af042963.iframe.bundle.js {}
15:10:48.665 Uploaded mocker-runtime-injected.js.LICENSE.txt (1.18 kB)
15:10:48.671     → [=====               ] 25%
15:10:49.123 Uploaded nunito-sans-bold-italic.woff2 (49.46 kB)
15:10:49.279 Uploaded nunito-sans-italic.woff2 (49.62 kB)
15:10:49.412 Uploaded nunito-sans-bold.woff2 (47.14 kB)
15:10:49.567 Uploaded 80.af042963.iframe.bundle.js.map (810.92 kB)
15:10:49.722 Uploaded nunito-sans-regular.woff2 (47.07 kB)
15:10:50.178 Uploaded project.json (1.11 kB)
15:10:50.940 Uploaded runtime~main.186f97fa.iframe.bundle.js (6.66 kB)
15:10:53.012 Retrying upload for %s, %O C:\Users\agchi\AppData\Local\Temp\chromatic--19908-KXjLJ8vn2dwZ\254.9843576d.iframe.bundle.js {}
15:10:53.856 Uploaded sb-addons/docs-1/manager-bundle.js (24.71 kB)
15:10:53.895 Retrying upload for %s, %O C:\Users\agchi\AppData\Local\Temp\chromatic--19908-KXjLJ8vn2dwZ\80.af042963.iframe.bundle.js {}
15:10:54.101 Uploaded sb-common-assets/favicon-wrapper.svg (5.8 kB)
15:10:54.225 Uploaded sb-common-assets/favicon.svg (2.16 kB)
15:10:55.117 Uploaded sb-common-assets/nunito-sans-bold.woff2 (47.14 kB)
15:10:55.356 Retrying upload for %s, %O C:\Users\agchi\AppData\Local\Temp\chromatic--19908-KXjLJ8vn2dwZ\sb-common-assets\nunito-sans-bold-italic.woff2 {}
15:10:55.670 Uploaded sb-common-assets/nunito-sans-italic.woff2 (49.62 kB)
15:10:56.233 Uploaded sb-addons/storybook-core-server-presets-0/common-manager-bundle.js (588.36 kB)
15:10:56.403 Uploaded sb-common-assets/nunito-sans-regular.woff2 (47.07 kB)
15:10:58.679     → [========            ] 41%
15:10:59.061 Uploaded sb-manager/globals.js (1.56 kB)
15:10:59.392 Uploaded sb-manager/globals-module-info.js (17.75 kB)
15:11:00.627 Retrying upload for %s, %O C:\Users\agchi\AppData\Local\Temp\chromatic--19908-KXjLJ8vn2dwZ\sb-manager\runtime.js {}
15:11:00.672 Retrying upload for %s, %O C:\Users\agchi\AppData\Local\Temp\chromatic--19908-KXjLJ8vn2dwZ\sb-manager\globals-runtime.js {}
15:11:00.795 Uploaded sb-preview/globals.js (1.18 kB)
15:11:01.527 Retrying upload for %s, %O C:\Users\agchi\AppData\Local\Temp\chromatic--19908-KXjLJ8vn2dwZ\sb-preview\runtime.js {}
15:11:02.153 Retrying upload for %s, %O C:\Users\agchi\AppData\Local\Temp\chromatic--19908-KXjLJ8vn2dwZ\static\media\accessibility.2dbc6973.png {}
15:11:02.804 Retrying upload for %s, %O C:\Users\agchi\AppData\Local\Temp\chromatic--19908-KXjLJ8vn2dwZ\sb-common-assets\nunito-sans-bold-italic.woff2 {}
15:11:04.186 Retrying upload for %s, %O C:\Users\agchi\AppData\Local\Temp\chromatic--19908-KXjLJ8vn2dwZ\static\media\addon-library.7a58d2cb.png {}
15:11:04.281 Uploaded static/media/assets.e6440a95.png (3.9 kB)
15:11:05.609 Retrying upload for %s, %O C:\Users\agchi\AppData\Local\Temp\chromatic--19908-KXjLJ8vn2dwZ\80.af042963.iframe.bundle.js {}
15:11:05.674 Uploaded static/media/context.645728c6.png (6.12 kB)
15:11:08.692     → [===========         ] 56%
15:11:09.016 Retrying upload for %s, %O C:\Users\agchi\AppData\Local\Temp\chromatic--19908-KXjLJ8vn2dwZ\sb-manager\runtime.js {}
15:11:09.145 Uploaded static/media/discord.d85804c7.svg (2.39 kB)
15:11:09.151 Uploaded static/media/accessibility.2dbc6973.png (42.34 kB)
15:11:10.681 Retrying upload for %s, %O C:\Users\agchi\AppData\Local\Temp\chromatic--19908-KXjLJ8vn2dwZ\sb-preview\runtime.js {}
15:11:11.210 Uploaded static/media/docs.f7d8b9a8.png (27.88 kB)
15:11:11.225 Uploaded sb-common-assets/nunito-sans-bold-italic.woff2 (49.46 kB)
15:11:11.596 Retrying upload for %s, %O C:\Users\agchi\AppData\Local\Temp\chromatic--19908-KXjLJ8vn2dwZ\254.9843576d.iframe.bundle.js {}
15:11:13.974 Retrying upload for %s, %O C:\Users\agchi\AppData\Local\Temp\chromatic--19908-KXjLJ8vn2dwZ\static\media\addon-library.7a58d2cb.png {}
15:11:14.323 Retrying upload for %s, %O C:\Users\agchi\AppData\Local\Temp\chromatic--19908-KXjLJ8vn2dwZ\static\media\figma-plugin.9335a1a9.png {}
15:11:14.860 Uploaded static/media/github.e4e8df82.svg (2.72 kB)
15:11:16.067 Uploaded static/media/styling.38cab73b.png (7.24 kB)
15:11:16.747 Uploaded static/media/share.161528bb.png (40.77 kB)
15:11:18.221 Retrying upload for %s, %O C:\Users\agchi\AppData\Local\Temp\chromatic--19908-KXjLJ8vn2dwZ\sb-manager\runtime.js {}
15:11:18.859     → [============        ] 58%
15:11:19.674 Retrying upload for %s, %O C:\Users\agchi\AppData\Local\Temp\chromatic--19908-KXjLJ8vn2dwZ\sb-manager\globals-runtime.js {}
15:11:19.778 Retrying upload for %s, %O C:\Users\agchi\AppData\Local\Temp\chromatic--19908-KXjLJ8vn2dwZ\80.af042963.iframe.bundle.js {}
15:11:20.278 Uploaded static/media/testing.c720ced2.png (49.31 kB)
15:11:21.169 Retrying upload for %s, %O C:\Users\agchi\AppData\Local\Temp\chromatic--19908-KXjLJ8vn2dwZ\static\media\theming.e93de094.png {}
15:11:21.192 Uploaded static/media/figma-plugin.9335a1a9.png (44.25 kB)
15:11:21.530 Uploaded static/media/tutorials.fde6e46f.svg (1.26 kB)
15:11:25.321 Uploaded static/media/addon-library.7a58d2cb.png (467.37 kB)
15:11:25.416 Uploaded static/media/youtube.fd046a09.svg (716 B)
15:11:26.323 Retrying upload for %s, %O C:\Users\agchi\AppData\Local\Temp\chromatic--19908-KXjLJ8vn2dwZ\stories-Button-stories.44e0d7c6.iframe.bundle.js {}
15:11:26.633 Uploaded stories-Button-stories.44e0d7c6.iframe.bundle.js.LICENSE.txt (247 B)
15:11:28.235 Retrying upload for %s, %O C:\Users\agchi\AppData\Local\Temp\chromatic--19908-KXjLJ8vn2dwZ\sb-manager\globals-runtime.js {}
15:11:28.285 Uploaded static/media/theming.e93de094.png (44.37 kB)
15:11:28.929     → [===========         ] 56%
15:11:30.341 Retrying upload for %s, %O C:\Users\agchi\AppData\Local\Temp\chromatic--19908-KXjLJ8vn2dwZ\sb-manager\runtime.js {}
15:11:30.366 Uploaded stories-Header-stories.a333df26.iframe.bundle.js (1.34 kB)
15:11:30.471 Uploaded stories-Configure-mdx.94a928fa.iframe.bundle.js (17.09 kB)
15:11:31.475 Uploaded stories-Page-stories.7cba52a6.iframe.bundle.js (10.23 kB)
15:11:33.370 Uploaded stories-Button-stories.44e0d7c6.iframe.bundle.js (14.85 kB)
15:11:35.784 Uploaded 254.9843576d.iframe.bundle.js (587.07 kB)
15:11:36.405 Retrying upload for %s, %O C:\Users\agchi\AppData\Local\Temp\chromatic--19908-KXjLJ8vn2dwZ\sb-preview\runtime.js {}
15:11:38.998     → [===========         ] 54%
15:11:39.486 Retrying upload for %s, %O C:\Users\agchi\AppData\Local\Temp\chromatic--19908-KXjLJ8vn2dwZ\80.af042963.iframe.bundle.js {}
15:11:39.704 Retrying upload for %s, %O C:\Users\agchi\AppData\Local\Temp\chromatic--19908-KXjLJ8vn2dwZ\sb-manager\globals-runtime.js {}
15:11:49.281     → [===========         ] 55%
15:11:49.285 Retrying upload for %s, %O C:\Users\agchi\AppData\Local\Temp\chromatic--19908-KXjLJ8vn2dwZ\sb-manager\runtime.js {}
15:11:49.556 Retrying upload for %s, %O C:\Users\agchi\AppData\Local\Temp\chromatic--19908-KXjLJ8vn2dwZ\sb-preview\runtime.js {}
15:11:59.426     → [==========          ] 52%
15:12:01.055 Retrying upload for %s, %O C:\Users\agchi\AppData\Local\Temp\chromatic--19908-KXjLJ8vn2dwZ\sb-manager\globals-runtime.js {}
15:12:05.398 Retrying upload for %s, %O C:\Users\agchi\AppData\Local\Temp\chromatic--19908-KXjLJ8vn2dwZ\sb-preview\runtime.js {}
15:12:11.057     → [==========          ] 49%
15:12:12.358 × Failed to upload C:\Users\agchi\AppData\Local\Temp\chromatic--19908-KXjLJ8vn2dwZ\80.af042963.iframe.bundle.js to 80.af042963.iframe.bundle.js
             The file may have been modified during the upload process.
             {
               "contentHash": "689169148b0b3bed",
               "contentLength": 612549,
               "localPath": "C:\\Users\\agchi\\AppData\\Local\\Temp\\chromatic--19908-KXjLJ8vn2dwZ\\80.af042963.iframe.bundle.js",
               "targetPath": "80.af042963.iframe.bundle.js",
               "contentType": "application/javascript",
               "fileKey": "68a04030785654d90b2ab00e-xgxexbahee/80.af042963.iframe.bundle.js",
               "filePath": "80.af042963.iframe.bundle.js",
               "formAction": "https://chromatic-builds.s3.us-west-2.amazonaws.com/",
               "formFields": {
                 "Content-Type": "application/javascript",
                 "bucket": "chromatic-builds",
                 "X-Amz-Algorithm": "AWS4-HMAC-SHA256",
                 "X-Amz-Credential": "AKIAJVVEQEOBEEPXSNNQ/20250816/us-west-2/s3/aws4_request",
                 "X-Amz-Date": "20250816T094028Z",
                 "key": "68a04030785654d90b2ab00e-xgxexbahee/80.af042963.iframe.bundle.js",
                 "Policy": "eyJleHBpcmF0aW9uIjoiMjAyNS0wOC0xNlQxMDoxMDoyOFoiLCJjb25kaXRpb25zIjpbWyJjb250ZW50LWxlbmd0aC1yYW5nZSIsMCw2MTI1NDldLHsiQ29udGVudC1UeXBlIjoiYXBwbGljYXRpb24vamF2YXNjcmlwdCJ9LHsiYnVja2V0IjoiY2hyb21hdGljLWJ1aWxkcyJ9LHsiWC1BbXotQWxnb3JpdGhtIjoiQVdTNC1ITUFDLVNIQTI1NiJ9LHsiWC1BbXotQ3JlZGVudGlhbCI6IkFLSUFKVlZFUUVPQkVFUFhTTk5RLzIwMjUwODE2L3VzLXdlc3QtMi9zMy9hd3M0X3JlcXVlc3QifSx7IlgtQW16LURhdGUiOiIyMDI1MDgxNlQwOTQwMjhaIn0seyJrZXkiOiI2OGEwNDAzMDc4NTY1NGQ5MGIyYWIwMGUteGd4ZXhiYWhlZS84MC5hZjA0Mjk2My5pZnJhbWUuYnVuZGxlLmpzIn1dfQ==",
                 "X-Amz-Signature": "1e1e8e1da726f775fff56d6cf006f39074fe8c42e6781b8280a00e12fd64f33e"
               }
             }
15:12:12.361     → Failed to upload C:\Users\agchi\AppData\Local\Temp\chromatic--19908-KXjLJ8vn2dwZ\80.af042963.iframe.bundle.js

15:12:12.414 × Failed to publish your built Storybook
             Failed to upload C:\Users\agchi\AppData\Local\Temp\chromatic--19908-KXjLJ8vn2dwZ\80.af042963.iframe.bundle.js
             → View the full stacktrace below
             
             If you need help, please chat with us at https://www.chromatic.com/docs/cli for the fastest response.
             You can also email the team at support@chromatic.com if chat is not an option.
             
             Please provide us with the above CLI output and the following info:
             {
               "timestamp": "2025-08-16T09:42:12.395Z",
               "sessionId": "7fd09c3f-40ed-4eb6-bbc5-fa861762546a",
               "gitVersion": "2.50.1.windows.1",
               "gitBranch": "main",
               "gitSlug": "chiragg0wda/internshipassignment",
               "fromCI": true,
               "nodePlatform": "win32",
               "nodeVersion": "22.18.0",
               "packageManager": "npm",
               "packageManagerVersion": "10.9.3",
               "packageName": "chromatic",
               "packageVersion": "13.1.3",
               "storybook": {
                 "version": "9.1.2",
                 "builder": {
                   "name": "@storybook/react-webpack5",
                   "packageVersion": "9.1.2"
                 },
                 "baseDir": "."
               },
               "flags": {
                 "storybookZip": "storybook-static.zip",
                 "ci": true,
                 "debug": true,
                 "outputDir": [],
                 "storybookBuildDir": [],
                 "externals": [],
                 "onlyStoryFiles": [],
                 "onlyStoryNames": [],
                 "untraced": [],
                 "fileHashing": true,
                 "interactive": true
               },
               "configuration": {},
               "buildScript": "storybook build",
               "buildCommand": "npm run build-storybook -- --output-dir=C:\\Users\\agchi\\AppData\\Local\\Temp\\chromatic--19908-KXjLJ8vn2dwZ",
               "exitCode": 0,
               "exitCodeKey": "OK",
               "errorType": "Error",
               "errorMessage": "× Failed to publish your built Storybook",
               "build": {
                 "id": "68a051ff39e75d3914ed87c8",
                 "number": 5
               }
             }
             
             Error: Failed to upload C:\Users\agchi\AppData\Local\Temp\chromatic--19908-KXjLJ8vn2dwZ\80.af042963.iframe.bundle.js
                 at Object.onError (D:\Projects\internshipassignment\node_modules\chromatic\dist\chunk-2U3QOQ4X.js:1006:2026)
                 at r3e (D:\Projects\internshipassignment\node_modules\chromatic\dist\chunk-2U3QOQ4X.js:620:1795)
                 at process.processTicksAndRejections (node:internal/process/task_queues:105:5)
                 at async IMr (D:\Projects\internshipassignment\node_modules\chromatic\dist\chunk-2U3QOQ4X.js:1006:1700)
                 at async BB.task (D:\Projects\internshipassignment\node_modules\chromatic\dist\chunk-2U3QOQ4X.js:639:2557)
15:12:12.480 i Wrote Chromatic diagnostics report to chromatic-diagnostics.json
